<?xml version="1.0" encoding="UTF-8"?><testsuite errors="0" failures="0" name="demo.features.search.ScenarioTest" skipped="0" tests="3" time="70.22" timestamp="2026-05-11 01:23:56"><testcase classname="demo.features.search.ScenarioTest" name="Scenariu: login, creare folder, logout (fara stergere)"/><testcase classname="demo.features.search.ScenarioTest" name="Scenariu: login valid, creare folder, stergere folder, logout"/><testcase classname="demo.features.search.ScenarioTest" name="Scenariu: login si logout simplu"/></testsuite>