<?xml version="1.0" encoding="UTF-8"?>
<testsuite xmlns:xsi="http://www.w3.org/2001/XMLSchema-instance" xsi:noNamespaceSchemaLocation="https://maven.apache.org/surefire/maven-failsafe-plugin/xsd/failsafe-test-report-3.0.xsd" version="3.0" name="demo.features.search.ScenarioTest" time="70.551" tests="3" errors="0" skipped="0" failures="0">
  <properties>
[...]
</properties>
  <testcase name="scenario_login_create_folder_logout" classname="demo.features.search.ScenarioTest" time="19.117">
    <system-out><![CDATA[[PROXY] Request to: http://clients2.google.com/time/1/current?cup2key=10:rTG6dLl6aJfrfk3LYgv5nElysBUD6nY3fe-WvJrNYwM&cup2hreq=e3b0c44298fc1c149afbf4c8996fb92427ae41e4649b934ca495991b7852b855
[PROXY] Request to: https://accounts.google.com
[PROXY] Request to: https://www.google.com
[PROXY] Request to: https://scs.ubbcluj.ro
[PROXY] Injected Authorization header
[PROXY] Request to: https://scs.ubbcluj.ro
[PROXY] Injected Authorization header
[PROXY] Request to: https://accounts.google.com/ListAccounts?gpsia=1&source=ChromiumBrowser&json=standard&laf=b64bin
[PROXY] Request to: https://www.google.com/async/folae?async=_fmt:pb&udm=50&client_locale=en-GB
[PROXY] Request to: https://scs.ubbcluj.ro
[PROXY] Injected Authorization header
[PROXY] Request to: https://scs.ubbcluj.ro/vvta/net2ftp/index.php
[PROXY] Injected Authorization header
[PROXY] Request to: https://scs.ubbcluj.ro/vvta/net2ftp/skins/shinra/js/jquery-1.5.1.min.js
[PROXY] Injected Authorization header
[PROXY] Request to: https://scs.ubbcluj.ro
[PROXY] Request to: https://scs.ubbcluj.ro
[PROXY] Injected Authorization header
[PROXY] Injected Authorization header
[PROXY] Request to: https://scs.ubbcluj.ro
[PROXY] Injected Authorization header
[PROXY] Request to: https://scs.ubbcluj.ro
[PROXY] Request to: https://scs.ubbcluj.ro
[PROXY] Injected Authorization header
[PROXY] Injected Authorization header
[PROXY] Request to: https://scs.ubbcluj.ro/vvta/net2ftp/skins/shinra/css/main_desktop.ltr.css
[PROXY] Injected Authorization header
[PROXY] Request to: https://scs.ubbcluj.ro/vvta/net2ftp/skins/shinra/skins/glossy/style.css
[PROXY] Injected Authorization header
[PROXY] Request to: https://scs.ubbcluj.ro/vvta/net2ftp/skins/shinra/js/poshytip-1.0/src/tip-twitter/tip-twitter.css
[PROXY] Injected Authorization header
[PROXY] Request to: https://scs.ubbcluj.ro/vvta/net2ftp/skins/shinra/js/jquery-ui-1.8.13.custom.min.js
[PROXY] Injected Authorization header
[PROXY] Request to: https://scs.ubbcluj.ro/vvta/net2ftp/skins/shinra/js/poshytip-1.0/src/tip-yellowsimple/tip-yellowsimple.css
[PROXY] Injected Authorization header
[PROXY] Request to: https://scs.ubbcluj.ro/vvta/net2ftp/skins/shinra/js/custom.js
[PROXY] Injected Authorization header
[PROXY] Request to: https://scs.ubbcluj.ro/vvta/net2ftp/skins/shinra/js/superfish-1.4.8/js/hoverIntent.js
[PROXY] Injected Authorization header
[PROXY] Request to: https://scs.ubbcluj.ro/vvta/net2ftp/skins/shinra/js/superfish-1.4.8/js/superfish.js
[PROXY] Injected Authorization header
[PROXY] Request to: https://scs.ubbcluj.ro/vvta/net2ftp/skins/shinra/js/superfish-1.4.8/js/supersubs.js
[PROXY] Injected Authorization header
[PROXY] Request to: https://scs.ubbcluj.ro/vvta/net2ftp/skins/shinra/js/poshytip-1.0/src/jquery.poshytip.min.js
[PROXY] Injected Authorization header
[PROXY] Request to: https://scs.ubbcluj.ro/vvta/net2ftp/skins/shinra/css/styled-elements.css
[PROXY] Request to: https://scs.ubbcluj.ro/vvta/net2ftp/skins/shinra/css/reset.css
[PROXY] Injected Authorization header
[PROXY] Injected Authorization header
[PROXY] Request to: https://scs.ubbcluj.ro/vvta/net2ftp/skins/shinra/img/bg/patterns/obl-1x1.png
[PROXY] Injected Authorization header
[PROXY] Request to: https://scs.ubbcluj.ro/vvta/net2ftp/favicon.ico
[PROXY] Injected Authorization header
[PROXY] Request to: https://android.clients.google.com
[PROXY] Request to: https://android.clients.google.com/checkin
[PROXY] Request to: https://android.clients.google.com/c2dm/register3
[PROXY] Request to: https://mtalk.google.com:5228
[PROXY] Request to: https://android.clients.google.com
[PROXY] Request to: https://android.clients.google.com
[PROXY] Request to: https://android.clients.google.com/c2dm/register3
[PROXY] Request to: https://android.clients.google.com/c2dm/register3
[PROXY] Request to: https://scs.ubbcluj.ro
[PROXY] Injected Authorization header
[PROXY] Request to: https://scs.ubbcluj.ro
[PROXY] Injected Authorization header
[PROXY] Request to: https://scs.ubbcluj.ro/vvta/net2ftp/index.php
[PROXY] Injected Authorization header
[PROXY] Request to: https://scs.ubbcluj.ro/vvta/net2ftp/skins/shinra/img/logo.png
[PROXY] Injected Authorization header
[PROXY] Request to: https://scs.ubbcluj.ro/vvta/net2ftp/skins/shinra/img/twitter-border.png
[PROXY] Injected Authorization header
[PROXY] Request to: https://scs.ubbcluj.ro
[PROXY] Injected Authorization header
[PROXY] Request to: https://content-autofill.googleapis.com
[PROXY] Request to: https://scs.ubbcluj.ro/vvta/net2ftp/skins/shinra/skins/glossy/glossy-bottom.png
[PROXY] Injected Authorization header
[PROXY] Request to: https://content-autofill.googleapis.com/v1/pages/ChRDaHJvbWUvMTQ4LjAuNzc3OC45NxIuCeSZ7JZSAFrdEgUNWMAlLxIFDYBi_r4SBQ3njUAOEgUNzkFMeiE3_GQgbJtaFg==?alt=proto
[PROXY] Request to: https://content-autofill.googleapis.com/v1/pages/ChRDaHJvbWUvMTQ4LjAuNzc3OC45NxIuCeSZ7JZSAFrdEgUNWMAlLxIFDYBi_r4SBQ3njUAOEgUNzkFMeiE3_GQgbJtaFg==?alt=proto
[PROXY] Request to: https://content-autofill.googleapis.com
[PROXY] Request to: https://scs.ubbcluj.ro/vvta/net2ftp/skins/shinra/js/poshytip-1.0/src/tip-yellowsimple/tip-yellowsimple_arrows.gif
[PROXY] Injected Authorization header
[PROXY] Request to: https://scs.ubbcluj.ro/vvta/net2ftp/index.php
[PROXY] Injected Authorization header
[PROXY] Request to: https://scs.ubbcluj.ro/vvta/net2ftp/skins/shinra/images/actions/bookmark.png
[PROXY] Request to: https://scs.ubbcluj.ro/vvta/net2ftp/modules/browse/browse_main.js
[PROXY] Injected Authorization header
[PROXY] Injected Authorization header
[PROXY] Request to: https://scs.ubbcluj.ro/vvta/net2ftp/skins/shinra/images/actions/reload.png
[PROXY] Injected Authorization header
[PROXY] Request to: https://scs.ubbcluj.ro/vvta/net2ftp/skins/shinra/images/actions/info.png
[PROXY] Injected Authorization header
[PROXY] Request to: https://scs.ubbcluj.ro/vvta/net2ftp/skins/shinra/images/actions/exit.png
[PROXY] Injected Authorization header
[PROXY] Request to: https://scs.ubbcluj.ro
[PROXY] Injected Authorization header
[PROXY] Request to: https://content-autofill.googleapis.com/v1/pages/ChRDaHJvbWUvMTQ4LjAuNzc3OC45NxIZCf2KLZbHaFcUEgUNKZIIhyE7MfqnLnTcew==?alt=proto
[PROXY] Request to: https://scs.ubbcluj.ro/vvta/net2ftp/skins/shinra/images/mime/folder.png
[PROXY] Injected Authorization header
[PROXY] Request to: https://content-autofill.googleapis.com/v1/pages/ChRDaHJvbWUvMTQ4LjAuNzc3OC45NxIZCf2KLZbHaFcUEgUNKZIIhyE7MfqnLnTcew==?alt=proto
[PROXY] Request to: https://optimizationguide-pa.googleapis.com
[PROXY] Request to: https://optimizationguide-pa.googleapis.com/v1:GetModels?key=AIzaSyDr2UxVnv_U85AbhhY8XSHSIavUW0DC-sY
[PROXY] Request to: https://optimizationguide-pa.googleapis.com
[PROXY] Request to: https://optimizationguide-pa.googleapis.com
[PROXY] Request to: https://optimizationguide-pa.googleapis.com/downloads?name=1679317318&target=OPTIMIZATION_TARGET_LANGUAGE_DETECTION
[PROXY] Request to: https://optimizationguide-pa.googleapis.com/downloads?name=1776093117&target=OPTIMIZATION_TARGET_NOTIFICATION_PERMISSION_PREDICTIONS
[PROXY] Request to: https://optimizationguide-pa.googleapis.com/downloads?name=1673999601&target=OPTIMIZATION_TARGET_PAGE_VISIBILITY
[PROXY] Request to: https://optimizationguide-pa.googleapis.com/downloads?name=5&target=OPTIMIZATION_TARGET_PAGE_TOPICS_V2
[PROXY] Request to: https://optimizationguide-pa.googleapis.com/downloads?name=1776093095&target=OPTIMIZATION_TARGET_GEOLOCATION_PERMISSION_PREDICTIONS
[PROXY] Request to: https://optimizationguide-pa.googleapis.com/downloads?name=1728324084&target=OPTIMIZATION_TARGET_OMNIBOX_ON_DEVICE_TAIL_SUGGEST
[PROXY] Request to: https://optimizationguide-pa.googleapis.com/downloads?name=1774969334&target=OPTIMIZATION_TARGET_CLIENT_SIDE_PHISHING
[PROXY] Request to: https://optimizationguide-pa.googleapis.com/downloads?name=1696268326&target=OPTIMIZATION_TARGET_OMNIBOX_URL_SCORING
[PROXY] Request to: https://optimizationguide-pa.googleapis.com/downloads?name=1770062312&target=OPTIMIZATION_TARGET_PASSAGE_EMBEDDER
[PROXY] Request to: https://optimizationguide-pa.googleapis.com/downloads?name=240731042075&target=OPTIMIZATION_TARGET_SEGMENTATION_COMPOSE_PROMOTION
[PROXY] Request to: https://scs.ubbcluj.ro/vvta/net2ftp/index.php
[PROXY] Injected Authorization header
[PROXY] Request to: https://scs.ubbcluj.ro
[PROXY] Injected Authorization header
[PROXY] Request to: https://scs.ubbcluj.ro/vvta/net2ftp/skins/shinra/images/titles/folder_new.png
[PROXY] Injected Authorization header
[PROXY] Request to: https://scs.ubbcluj.ro
[PROXY] Injected Authorization header
[PROXY] Request to: https://content-autofill.googleapis.com/v1/pages/ChRDaHJvbWUvMTQ4LjAuNzc3OC45NxI1Ccr8pg1boA0EEgUNpkooERIFDZvuGG0SBQ3UixZ_EgUNCHE1sxIFDQj7hhAh061ApWM5FSE=?alt=proto
[PROXY] Request to: https://scs.ubbcluj.ro/vvta/net2ftp/skins/shinra/images/actions/back.png
[PROXY] Injected Authorization header
[PROXY] Request to: https://scs.ubbcluj.ro/vvta/net2ftp/skins/shinra/images/actions/button_ok.png
[PROXY] Injected Authorization header
[PROXY] Request to: https://content-autofill.googleapis.com/v1/pages/ChRDaHJvbWUvMTQ4LjAuNzc3OC45NxI1Ccr8pg1boA0EEgUNpkooERIFDZvuGG0SBQ3UixZ_EgUNCHE1sxIFDQj7hhAh061ApWM5FSE=?alt=proto
[PROXY] Request to: https://scs.ubbcluj.ro/vvta/net2ftp/index.php
[PROXY] Injected Authorization header
[PROXY] Request to: https://scs.ubbcluj.ro/vvta/net2ftp/index.php
[PROXY] Injected Authorization header
[PROXY] Request to: https://scs.ubbcluj.ro/vvta/net2ftp/index.php
[PROXY] Injected Authorization header
[PROXY] Request to: http://www.net2ftp.com/version.js
]]></system-out>
    <system-err><![CDATA[[main] INFO  - Test Suite Started: Scenario test
[main] INFO  - 
 _____ _____ ____ _____   ____ _____  _    ____ _____ _____ ____  
|_   _| ____/ ___|_   _| / ___|_   _|/ \  |  _ \_   _| ____|  _ \ 
  | | |  _| \___ \ | |   \___ \ | | / _ \ | |_) || | |  _| | | | |
  | | | |___ ___) || |    ___) || |/ ___ \|  _ < | | | |___| |_| |
  |_| |_____|____/ |_|   |____/ |_/_/   \_\_| \_\|_| |_____|____/ 

scenario_login_create_folder_logout
-------------------------------------------------------------------
[main] INFO net.serenitybdd.core.webdriver.driverproviders.ChromeDriverProvider - Not using automatically driver download
[main] INFO net.serenitybdd.core.webdriver.driverproviders.ProvideNewDriver - Instantiating driver
[main] INFO net.serenitybdd.core.webdriver.driverproviders.ProvideNewDriver - Driver capabilities: Capabilities {acceptInsecureCerts: false, browserName: chrome, chrome.switches: --ignore-certificate-errors..., goog:chromeOptions: {args: [--ignore-certificate-errors, --allow-running-insecure-co..., --proxy-server=localhost:19091], extensions: []}, loggingPrefs: org.openqa.selenium.logging...}
Starting ChromeDriver 148.0.7778.96 (8625e066febc721e015ea99842da12901eb7ed73-refs/branch-heads/7778@{#1904}) on port 26593
Only local connections are allowed.
Please see https://chromedriver.chromium.org/security-considerations for suggestions on keeping ChromeDriver safe.
ChromeDriver was started successfully on port 26593.
May 11, 2026 1:23:56 PM org.openqa.selenium.remote.ProtocolHandshake createSession
INFO: Detected dialect: W3C
[LittleProxy-0-ClientToProxyWorker-7] INFO org.littleshoot.proxy.impl.ClientToProxyConnection - (NEGOTIATING_CONNECT) [id: 0x5dd8b1d6, L:/[0:0:0:0:0:0:0:1]:19091 - R:/[0:0:0:0:0:0:0:1]:59671]: An IOException occurred on ClientToProxyConnection: Connection reset
[LittleProxy-0-ProxyToServerWorker-0] INFO org.littleshoot.proxy.impl.ProxyToServerConnection - (HANDSHAKING) [id: 0x39c8b021, L:/192.168.1.185:59674 ! R:scs.ubbcluj.ro/193.231.20.20:443]: Connection to upstream server failed
java.nio.channels.ClosedChannelException
	at io.netty.handler.ssl.SslHandler.channelInactive(...)(Unknown Source)
[LittleProxy-0-ClientToProxyWorker-0] INFO org.littleshoot.proxy.impl.ClientToProxyConnection - (NEGOTIATING_CONNECT) [id: 0xb93726fe, L:/[0:0:0:0:0:0:0:1]:19091 - R:/[0:0:0:0:0:0:0:1]:59672]: An IOException occurred on ClientToProxyConnection: Connection reset
[LittleProxy-0-ProxyToServerWorker-7] INFO org.littleshoot.proxy.impl.ProxyToServerConnection - (HANDSHAKING) [id: 0x16c237a7, L:/192.168.1.185:59673 ! R:scs.ubbcluj.ro/193.231.20.20:443]: Connection to upstream server failed
java.nio.channels.ClosedChannelException
	at io.netty.handler.ssl.SslHandler.channelInactive(...)(Unknown Source)
]]></system-err>
  </testcase>
  <testcase name="scenario_login_create_folder_delete_folder_logout" classname="demo.features.search.ScenarioTest" time="39.89">
    <system-out><![CDATA[[PROXY] Request to: http://clients2.google.com/time/1/current?cup2key=10:NW8rFlj-TaV6vgHL52ccN-hASuAKbQjUrT9axMQnV28&cup2hreq=e3b0c44298fc1c149afbf4c8996fb92427ae41e4649b934ca495991b7852b855
[PROXY] Request to: https://accounts.google.com
[PROXY] Request to: https://www.google.com
[PROXY] Request to: https://scs.ubbcluj.ro
[PROXY] Injected Authorization header
[PROXY] Request to: https://scs.ubbcluj.ro
[PROXY] Injected Authorization header
[PROXY] Request to: https://scs.ubbcluj.ro
[PROXY] Request to: https://accounts.google.com
[PROXY] Request to: https://www.google.com
[PROXY] Injected Authorization header
[PROXY] Request to: https://scs.ubbcluj.ro/vvta/net2ftp/index.php
[PROXY] Injected Authorization header
[PROXY] Request to: https://www.google.com/async/folae?async=_fmt:pb&udm=50&client_locale=en-GB
[PROXY] Request to: https://accounts.google.com/ListAccounts?gpsia=1&source=ChromiumBrowser&json=standard&laf=b64bin
[PROXY] Request to: https://scs.ubbcluj.ro/vvta/net2ftp/skins/shinra/js/jquery-1.5.1.min.js
[PROXY] Injected Authorization header
[PROXY] Request to: https://scs.ubbcluj.ro
[PROXY] Request to: https://scs.ubbcluj.ro
[PROXY] Injected Authorization header
[PROXY] Injected Authorization header
[PROXY] Request to: https://scs.ubbcluj.ro
[PROXY] Injected Authorization header
[PROXY] Request to: https://scs.ubbcluj.ro
[PROXY] Injected Authorization header
[PROXY] Request to: https://scs.ubbcluj.ro
[PROXY] Injected Authorization header
[PROXY] Request to: https://scs.ubbcluj.ro/vvta/net2ftp/skins/shinra/css/main_desktop.ltr.css
[PROXY] Injected Authorization header
[PROXY] Request to: https://scs.ubbcluj.ro/vvta/net2ftp/skins/shinra/skins/glossy/style.css
[PROXY] Injected Authorization header
[PROXY] Request to: https://scs.ubbcluj.ro/vvta/net2ftp/skins/shinra/js/poshytip-1.0/src/tip-twitter/tip-twitter.css
[PROXY] Injected Authorization header
[PROXY] Request to: https://scs.ubbcluj.ro/vvta/net2ftp/skins/shinra/js/poshytip-1.0/src/tip-yellowsimple/tip-yellowsimple.css
[PROXY] Injected Authorization header
[PROXY] Request to: https://scs.ubbcluj.ro/vvta/net2ftp/skins/shinra/js/jquery-ui-1.8.13.custom.min.js
[PROXY] Injected Authorization header
[PROXY] Request to: https://scs.ubbcluj.ro/vvta/net2ftp/skins/shinra/js/custom.js
[PROXY] Injected Authorization header
[PROXY] Request to: https://scs.ubbcluj.ro/vvta/net2ftp/skins/shinra/js/superfish-1.4.8/js/hoverIntent.js
[PROXY] Injected Authorization header
[PROXY] Request to: https://scs.ubbcluj.ro/vvta/net2ftp/skins/shinra/js/superfish-1.4.8/js/superfish.js
[PROXY] Injected Authorization header
[PROXY] Request to: https://scs.ubbcluj.ro/vvta/net2ftp/skins/shinra/js/superfish-1.4.8/js/supersubs.js
[PROXY] Injected Authorization header
[PROXY] Request to: https://scs.ubbcluj.ro/vvta/net2ftp/skins/shinra/js/poshytip-1.0/src/jquery.poshytip.min.js
[PROXY] Injected Authorization header
[PROXY] Request to: https://scs.ubbcluj.ro/vvta/net2ftp/skins/shinra/css/styled-elements.css
[PROXY] Request to: https://scs.ubbcluj.ro/vvta/net2ftp/skins/shinra/css/reset.css
[PROXY] Injected Authorization header
[PROXY] Injected Authorization header
[PROXY] Request to: https://scs.ubbcluj.ro/vvta/net2ftp/skins/shinra/img/bg/patterns/obl-1x1.png
[PROXY] Injected Authorization header
[PROXY] Request to: https://scs.ubbcluj.ro/vvta/net2ftp/favicon.ico
[PROXY] Injected Authorization header
[PROXY] Request to: https://android.clients.google.com
[PROXY] Request to: https://android.clients.google.com/checkin
[PROXY] Request to: https://android.clients.google.com/c2dm/register3
[PROXY] Request to: https://mtalk.google.com:5228
[PROXY] Request to: https://android.clients.google.com
[PROXY] Request to: https://android.clients.google.com
[PROXY] Request to: https://android.clients.google.com/c2dm/register3
[PROXY] Request to: https://android.clients.google.com/c2dm/register3
[PROXY] Request to: https://scs.ubbcluj.ro/vvta/net2ftp/index.php
[PROXY] Injected Authorization header
[PROXY] Request to: https://scs.ubbcluj.ro
[PROXY] Injected Authorization header
[PROXY] Request to: https://scs.ubbcluj.ro/vvta/net2ftp/skins/shinra/img/logo.png
[PROXY] Injected Authorization header
[PROXY] Request to: https://scs.ubbcluj.ro
[PROXY] Injected Authorization header
[PROXY] Request to: https://content-autofill.googleapis.com
[PROXY] Request to: https://scs.ubbcluj.ro/vvta/net2ftp/skins/shinra/img/twitter-border.png
[PROXY] Injected Authorization header
[PROXY] Request to: https://scs.ubbcluj.ro/vvta/net2ftp/skins/shinra/skins/glossy/glossy-bottom.png
[PROXY] Injected Authorization header
[PROXY] Request to: https://content-autofill.googleapis.com/v1/pages/ChRDaHJvbWUvMTQ4LjAuNzc3OC45NxIuCeSZ7JZSAFrdEgUNWMAlLxIFDYBi_r4SBQ3njUAOEgUNzkFMeiE3_GQgbJtaFg==?alt=proto
[PROXY] Request to: https://content-autofill.googleapis.com/v1/pages/ChRDaHJvbWUvMTQ4LjAuNzc3OC45NxIuCeSZ7JZSAFrdEgUNWMAlLxIFDYBi_r4SBQ3njUAOEgUNzkFMeiE3_GQgbJtaFg==?alt=proto
[PROXY] Request to: https://content-autofill.googleapis.com
[PROXY] Request to: https://scs.ubbcluj.ro/vvta/net2ftp/skins/shinra/js/poshytip-1.0/src/tip-yellowsimple/tip-yellowsimple_arrows.gif
[PROXY] Injected Authorization header
[PROXY] Request to: https://scs.ubbcluj.ro/vvta/net2ftp/index.php
[PROXY] Injected Authorization header
[PROXY] Request to: https://scs.ubbcluj.ro/vvta/net2ftp/modules/browse/browse_main.js
[PROXY] Injected Authorization header
[PROXY] Request to: https://scs.ubbcluj.ro/vvta/net2ftp/skins/shinra/images/actions/bookmark.png
[PROXY] Injected Authorization header
[PROXY] Request to: https://scs.ubbcluj.ro
[PROXY] Injected Authorization header
[PROXY] Request to: https://scs.ubbcluj.ro/vvta/net2ftp/skins/shinra/images/actions/reload.png
[PROXY] Injected Authorization header
[PROXY] Request to: https://scs.ubbcluj.ro
[PROXY] Request to: https://scs.ubbcluj.ro
[PROXY] Injected Authorization header
[PROXY] Injected Authorization header
[PROXY] Request to: https://content-autofill.googleapis.com/v1/pages/ChRDaHJvbWUvMTQ4LjAuNzc3OC45NxIZCf2KLZbHaFcUEgUNKZIIhyE7MfqnLnTcew==?alt=proto
[PROXY] Request to: https://scs.ubbcluj.ro/vvta/net2ftp/skins/shinra/images/actions/info.png
[PROXY] Injected Authorization header
[PROXY] Request to: https://scs.ubbcluj.ro/vvta/net2ftp/skins/shinra/images/actions/exit.png
[PROXY] Injected Authorization header
[PROXY] Request to: https://scs.ubbcluj.ro/vvta/net2ftp/skins/shinra/images/mime/folder.png
[PROXY] Injected Authorization header
[PROXY] Request to: https://content-autofill.googleapis.com/v1/pages/ChRDaHJvbWUvMTQ4LjAuNzc3OC45NxIZCf2KLZbHaFcUEgUNKZIIhyE7MfqnLnTcew==?alt=proto
[PROXY] Request to: https://optimizationguide-pa.googleapis.com
[PROXY] Request to: https://optimizationguide-pa.googleapis.com/v1:GetModels?key=AIzaSyDr2UxVnv_U85AbhhY8XSHSIavUW0DC-sY
[PROXY] Request to: https://optimizationguide-pa.googleapis.com
[PROXY] Request to: https://optimizationguide-pa.googleapis.com
[PROXY] Request to: https://optimizationguide-pa.googleapis.com/downloads?name=1776093117&target=OPTIMIZATION_TARGET_NOTIFICATION_PERMISSION_PREDICTIONS
[PROXY] Request to: https://optimizationguide-pa.googleapis.com/downloads?name=1679317318&target=OPTIMIZATION_TARGET_LANGUAGE_DETECTION
[PROXY] Request to: https://optimizationguide-pa.googleapis.com/downloads?name=1673999601&target=OPTIMIZATION_TARGET_PAGE_VISIBILITY
[PROXY] Request to: https://optimizationguide-pa.googleapis.com/downloads?name=5&target=OPTIMIZATION_TARGET_PAGE_TOPICS_V2
[PROXY] Request to: https://scs.ubbcluj.ro/vvta/net2ftp/index.php
[PROXY] Injected Authorization header
[PROXY] Request to: https://scs.ubbcluj.ro/vvta/net2ftp/skins/shinra/images/titles/folder_new.png
[PROXY] Injected Authorization header
[PROXY] Request to: https://scs.ubbcluj.ro/vvta/net2ftp/skins/shinra/images/actions/back.png
[PROXY] Injected Authorization header
[PROXY] Request to: https://scs.ubbcluj.ro/vvta/net2ftp/skins/shinra/images/actions/button_ok.png
[PROXY] Injected Authorization header
[PROXY] Request to: https://optimizationguide-pa.googleapis.com/downloads?name=1776093095&target=OPTIMIZATION_TARGET_GEOLOCATION_PERMISSION_PREDICTIONS
[PROXY] Request to: https://content-autofill.googleapis.com/v1/pages/ChRDaHJvbWUvMTQ4LjAuNzc3OC45NxI1Ccr8pg1boA0EEgUNpkooERIFDZvuGG0SBQ3UixZ_EgUNCHE1sxIFDQj7hhAh061ApWM5FSE=?alt=proto
[PROXY] Request to: https://content-autofill.googleapis.com/v1/pages/ChRDaHJvbWUvMTQ4LjAuNzc3OC45NxI1Ccr8pg1boA0EEgUNpkooERIFDZvuGG0SBQ3UixZ_EgUNCHE1sxIFDQj7hhAh061ApWM5FSE=?alt=proto
[PROXY] Request to: https://optimizationguide-pa.googleapis.com/downloads?name=1728324084&target=OPTIMIZATION_TARGET_OMNIBOX_ON_DEVICE_TAIL_SUGGEST
[PROXY] Request to: https://optimizationguide-pa.googleapis.com/downloads?name=1774969334&target=OPTIMIZATION_TARGET_CLIENT_SIDE_PHISHING
[PROXY] Request to: https://scs.ubbcluj.ro/vvta/net2ftp/index.php
[PROXY] Injected Authorization header
[PROXY] Request to: https://optimizationguide-pa.googleapis.com
[PROXY] Request to: https://optimizationguide-pa.googleapis.com
[PROXY] Request to: https://optimizationguide-pa.googleapis.com/downloads?name=1774969334&target=OPTIMIZATION_TARGET_CLIENT_SIDE_PHISHING
[PROXY] Request to: https://optimizationguide-pa.googleapis.com/downloads?name=1728324084&target=OPTIMIZATION_TARGET_OMNIBOX_ON_DEVICE_TAIL_SUGGEST
[PROXY] Request to: https://optimizationguide-pa.googleapis.com/downloads?name=1696268326&target=OPTIMIZATION_TARGET_OMNIBOX_URL_SCORING
[PROXY] Request to: https://optimizationguide-pa.googleapis.com/downloads?name=1770062312&target=OPTIMIZATION_TARGET_PASSAGE_EMBEDDER
[PROXY] Request to: https://optimizationguide-pa.googleapis.com/downloads?name=240731042075&target=OPTIMIZATION_TARGET_SEGMENTATION_COMPOSE_PROMOTION
[PROXY] Request to: https://scs.ubbcluj.ro/vvta/net2ftp/index.php
[PROXY] Injected Authorization header
[PROXY] Request to: https://scs.ubbcluj.ro/vvta/net2ftp/index.php
[PROXY] Injected Authorization header
[PROXY] Request to: https://scs.ubbcluj.ro
[PROXY] Injected Authorization header
[PROXY] Request to: https://scs.ubbcluj.ro/vvta/net2ftp/skins/shinra/images/titles/edittrash.png
[PROXY] Injected Authorization header
[PROXY] Request to: https://scs.ubbcluj.ro/vvta/net2ftp/index.php
[PROXY] Injected Authorization header
[PROXY] Request to: https://scs.ubbcluj.ro/vvta/net2ftp/index.php
[PROXY] Injected Authorization header
[PROXY] Request to: https://android.clients.google.com/c2dm/register3
[PROXY] Request to: https://android.clients.google.com/c2dm/register3
[PROXY] Request to: https://mtalk.google.com:5228
[PROXY] Request to: https://scs.ubbcluj.ro/vvta/net2ftp/index.php
[PROXY] Injected Authorization header
[PROXY] Request to: https://scs.ubbcluj.ro
[PROXY] Injected Authorization header
[PROXY] Request to: http://www.net2ftp.com/version.js
]]></system-out>
    <system-err><![CDATA[[main] INFO  - 
        __    _____ _____ ____ _____   ____   _    ____  ____  _____ ____  
  _     \ \  |_   _| ____/ ___|_   _| |  _ \ / \  / ___|/ ___|| ____|  _ \ 
 (_)_____| |   | | |  _| \___ \ | |   | |_) / _ \ \___ \\___ \|  _| | | | |
  _|_____| |   | | | |___ ___) || |   |  __/ ___ \ ___) |___) | |___| |_| |
 (_)     | |   |_| |_____|____/ |_|   |_| /_/   \_\____/|____/|_____|____/ 
        /_/                                                                

Scenariu: login, creare folder, logout (fara stergere)
----------------------------------------------------------------------------
[main] INFO  - 
 _____ _____ ____ _____   ____ _____  _    ____ _____ _____ ____  
|_   _| ____/ ___|_   _| / ___|_   _|/ \  |  _ \_   _| ____|  _ \ 
  | | |  _| \___ \ | |   \___ \ | | / _ \ | |_) || | |  _| | | | |
  | | | |___ ___) || |    ___) || |/ ___ \|  _ < | | | |___| |_| |
  |_| |_____|____/ |_|   |____/ |_/_/   \_\_| \_\|_| |_____|____/ 

scenario_login_create_folder_delete_folder_logout
-------------------------------------------------------------------
[main] INFO net.serenitybdd.core.webdriver.driverproviders.ChromeDriverProvider - Not using automatically driver download
[main] INFO net.serenitybdd.core.webdriver.driverproviders.ProvideNewDriver - Instantiating driver
[main] INFO net.serenitybdd.core.webdriver.driverproviders.ProvideNewDriver - Driver capabilities: Capabilities {acceptInsecureCerts: false, browserName: chrome, chrome.switches: --ignore-certificate-errors..., goog:chromeOptions: {args: [--ignore-certificate-errors, --allow-running-insecure-co..., --proxy-server=localhost:19091], extensions: []}, loggingPrefs: org.openqa.selenium.logging...}
Starting ChromeDriver 148.0.7778.96 (8625e066febc721e015ea99842da12901eb7ed73-refs/branch-heads/7778@{#1904}) on port 37854
Only local connections are allowed.
Please see https://chromedriver.chromium.org/security-considerations for suggestions on keeping ChromeDriver safe.
ChromeDriver was started successfully on port 37854.
May 11, 2026 1:24:16 PM org.openqa.selenium.remote.ProtocolHandshake createSession
INFO: Detected dialect: W3C
[LittleProxy-0-ClientToProxyWorker-0] INFO org.littleshoot.proxy.impl.ClientToProxyConnection - (NEGOTIATING_CONNECT) [id: 0xb1d9810a, L:/[0:0:0:0:0:0:0:1]:19091 - R:/[0:0:0:0:0:0:0:1]:59731]: An IOException occurred on ClientToProxyConnection: Connection reset
[LittleProxy-0-ProxyToServerWorker-1] INFO org.littleshoot.proxy.impl.ProxyToServerConnection - (HANDSHAKING) [id: 0x9c290538, L:/192.168.1.185:59734 ! R:accounts.google.com/142.251.127.84:443]: Connection to upstream server failed
java.nio.channels.ClosedChannelException
	at io.netty.handler.ssl.SslHandler.channelInactive(...)(Unknown Source)
[LittleProxy-0-ClientToProxyWorker-1] INFO org.littleshoot.proxy.impl.ClientToProxyConnection - (NEGOTIATING_CONNECT) [id: 0xd17f53ea, L:/[0:0:0:0:0:0:0:1]:19091 - R:/[0:0:0:0:0:0:0:1]:59732]: An IOException occurred on ClientToProxyConnection: Connection reset
[LittleProxy-0-ProxyToServerWorker-0] INFO org.littleshoot.proxy.impl.ProxyToServerConnection - (HANDSHAKING) [id: 0xb492a507, L:/192.168.1.185:59733 ! R:www.google.com/142.251.152.119:443]: Connection to upstream server failed
java.nio.channels.ClosedChannelException
	at io.netty.handler.ssl.SslHandler.channelInactive(...)(Unknown Source)
[LittleProxy-0-ProxyToServerWorker-2] INFO org.littleshoot.proxy.impl.ProxyToServerConnection - (HANDSHAKING) [id: 0x45ed15bd, L:/192.168.1.185:59736 ! R:scs.ubbcluj.ro/193.231.20.20:443]: Connection to upstream server failed
[LittleProxy-0-ProxyToServerWorker-3] INFO org.littleshoot.proxy.impl.ProxyToServerConnection - (HANDSHAKING) [id: 0xa614360a, L:/192.168.1.185:59738 ! R:scs.ubbcluj.ro/193.231.20.20:443]: Connection to upstream server failed
java.nio.channels.ClosedChannelException
	at io.netty.handler.ssl.SslHandler.channelInactive(...)(Unknown Source)
java.nio.channels.ClosedChannelException
	at io.netty.handler.ssl.SslHandler.channelInactive(...)(Unknown Source)
]]></system-err>
  </testcase>
  <testcase name="scenario_login_and_logout" classname="demo.features.search.ScenarioTest" time="11.217">
    <system-out><![CDATA[[PROXY] Request to: http://clients2.google.com/time/1/current?cup2key=10:AgnQURwEQ7cs6ELFJK_7NPEx5mAW_GErbN2d_OCTMV4&cup2hreq=e3b0c44298fc1c149afbf4c8996fb92427ae41e4649b934ca495991b7852b855
[PROXY] Request to: https://www.google.com
[PROXY] Request to: https://accounts.google.com
[PROXY] Request to: https://accounts.google.com
[PROXY] Request to: https://www.google.com
[PROXY] Request to: https://scs.ubbcluj.ro
[PROXY] Injected Authorization header
[PROXY] Request to: https://scs.ubbcluj.ro
[PROXY] Injected Authorization header
[PROXY] Request to: https://accounts.google.com/ListAccounts?gpsia=1&source=ChromiumBrowser&json=standard&laf=b64bin
[PROXY] Request to: https://www.google.com/async/folae?async=_fmt:pb&udm=50&client_locale=en-GB
[PROXY] Request to: https://scs.ubbcluj.ro/vvta/net2ftp/index.php
[PROXY] Injected Authorization header
[PROXY] Request to: https://scs.ubbcluj.ro/vvta/net2ftp/skins/shinra/js/jquery-1.5.1.min.js
[PROXY] Request to: https://scs.ubbcluj.ro/vvta/net2ftp/skins/shinra/js/jquery-ui-1.8.13.custom.min.js
[PROXY] Injected Authorization header
[PROXY] Injected Authorization header
[PROXY] Request to: https://scs.ubbcluj.ro
[PROXY] Injected Authorization header
[PROXY] Request to: https://scs.ubbcluj.ro
[PROXY] Request to: https://scs.ubbcluj.ro
[PROXY] Injected Authorization header
[PROXY] Injected Authorization header
[PROXY] Request to: https://scs.ubbcluj.ro
[PROXY] Injected Authorization header
[PROXY] Request to: https://scs.ubbcluj.ro/vvta/net2ftp/skins/shinra/css/main_desktop.ltr.css
[PROXY] Injected Authorization header
[PROXY] Request to: https://scs.ubbcluj.ro/vvta/net2ftp/skins/shinra/skins/glossy/style.css
[PROXY] Injected Authorization header
[PROXY] Request to: https://scs.ubbcluj.ro/vvta/net2ftp/skins/shinra/js/poshytip-1.0/src/tip-twitter/tip-twitter.css
[PROXY] Injected Authorization header
[PROXY] Request to: https://scs.ubbcluj.ro/vvta/net2ftp/skins/shinra/js/poshytip-1.0/src/tip-yellowsimple/tip-yellowsimple.css
[PROXY] Injected Authorization header
[PROXY] Request to: https://scs.ubbcluj.ro/vvta/net2ftp/skins/shinra/js/custom.js
[PROXY] Injected Authorization header
[PROXY] Request to: https://scs.ubbcluj.ro/vvta/net2ftp/skins/shinra/js/superfish-1.4.8/js/hoverIntent.js
[PROXY] Injected Authorization header
[PROXY] Request to: https://scs.ubbcluj.ro/vvta/net2ftp/skins/shinra/js/superfish-1.4.8/js/superfish.js
[PROXY] Injected Authorization header
[PROXY] Request to: https://scs.ubbcluj.ro/vvta/net2ftp/skins/shinra/js/superfish-1.4.8/js/supersubs.js
[PROXY] Injected Authorization header
[PROXY] Request to: https://scs.ubbcluj.ro/vvta/net2ftp/skins/shinra/js/poshytip-1.0/src/jquery.poshytip.min.js
[PROXY] Injected Authorization header
[PROXY] Request to: https://scs.ubbcluj.ro/vvta/net2ftp/skins/shinra/css/styled-elements.css
[PROXY] Request to: https://scs.ubbcluj.ro/vvta/net2ftp/skins/shinra/css/reset.css
[PROXY] Injected Authorization header
[PROXY] Injected Authorization header
[PROXY] Request to: https://scs.ubbcluj.ro/vvta/net2ftp/skins/shinra/img/bg/patterns/obl-1x1.png
[PROXY] Injected Authorization header
[PROXY] Request to: https://scs.ubbcluj.ro/vvta/net2ftp/favicon.ico
[PROXY] Injected Authorization header
[PROXY] Request to: https://android.clients.google.com
[PROXY] Request to: https://android.clients.google.com/checkin
[PROXY] Request to: https://android.clients.google.com/c2dm/register3
[PROXY] Request to: https://mtalk.google.com:5228
[PROXY] Request to: https://android.clients.google.com
[PROXY] Request to: https://android.clients.google.com
[PROXY] Request to: https://android.clients.google.com/c2dm/register3
[PROXY] Request to: https://android.clients.google.com/c2dm/register3
[PROXY] Request to: https://scs.ubbcluj.ro
[PROXY] Injected Authorization header
[PROXY] Request to: https://scs.ubbcluj.ro
[PROXY] Injected Authorization header
[PROXY] Request to: https://scs.ubbcluj.ro/vvta/net2ftp/index.php
[PROXY] Injected Authorization header
[PROXY] Request to: https://scs.ubbcluj.ro/vvta/net2ftp/skins/shinra/img/logo.png
[PROXY] Injected Authorization header
[PROXY] Request to: https://scs.ubbcluj.ro
[PROXY] Injected Authorization header
[PROXY] Request to: https://content-autofill.googleapis.com
[PROXY] Request to: https://scs.ubbcluj.ro/vvta/net2ftp/skins/shinra/img/twitter-border.png
[PROXY] Injected Authorization header
[PROXY] Request to: https://scs.ubbcluj.ro/vvta/net2ftp/skins/shinra/skins/glossy/glossy-bottom.png
[PROXY] Injected Authorization header
[PROXY] Request to: https://content-autofill.googleapis.com/v1/pages/ChRDaHJvbWUvMTQ4LjAuNzc3OC45NxIuCeSZ7JZSAFrdEgUNWMAlLxIFDYBi_r4SBQ3njUAOEgUNzkFMeiE3_GQgbJtaFg==?alt=proto
[PROXY] Request to: https://content-autofill.googleapis.com/v1/pages/ChRDaHJvbWUvMTQ4LjAuNzc3OC45NxIuCeSZ7JZSAFrdEgUNWMAlLxIFDYBi_r4SBQ3njUAOEgUNzkFMeiE3_GQgbJtaFg==?alt=proto
[PROXY] Request to: https://content-autofill.googleapis.com
[PROXY] Request to: https://scs.ubbcluj.ro/vvta/net2ftp/skins/shinra/js/poshytip-1.0/src/tip-yellowsimple/tip-yellowsimple_arrows.gif
[PROXY] Injected Authorization header
[PROXY] Request to: https://scs.ubbcluj.ro/vvta/net2ftp/index.php
[PROXY] Injected Authorization header
[PROXY] Request to: https://scs.ubbcluj.ro/vvta/net2ftp/skins/shinra/images/actions/bookmark.png
[PROXY] Injected Authorization header
[PROXY] Request to: https://scs.ubbcluj.ro/vvta/net2ftp/modules/browse/browse_main.js
[PROXY] Injected Authorization header
[PROXY] Request to: https://scs.ubbcluj.ro
[PROXY] Injected Authorization header
[PROXY] Request to: https://scs.ubbcluj.ro/vvta/net2ftp/skins/shinra/images/actions/reload.png
[PROXY] Injected Authorization header
[PROXY] Request to: https://scs.ubbcluj.ro
[PROXY] Injected Authorization header
[PROXY] Request to: https://scs.ubbcluj.ro
[PROXY] Injected Authorization header
[PROXY] Request to: https://content-autofill.googleapis.com/v1/pages/ChRDaHJvbWUvMTQ4LjAuNzc3OC45NxIZCf2KLZbHaFcUEgUNKZIIhyE7MfqnLnTcew==?alt=proto
[PROXY] Request to: https://scs.ubbcluj.ro/vvta/net2ftp/skins/shinra/images/actions/info.png
[PROXY] Injected Authorization header
[PROXY] Request to: https://scs.ubbcluj.ro/vvta/net2ftp/skins/shinra/images/actions/exit.png
[PROXY] Injected Authorization header
[PROXY] Request to: https://scs.ubbcluj.ro/vvta/net2ftp/skins/shinra/images/mime/folder.png
[PROXY] Injected Authorization header
[PROXY] Request to: https://content-autofill.googleapis.com/v1/pages/ChRDaHJvbWUvMTQ4LjAuNzc3OC45NxIZCf2KLZbHaFcUEgUNKZIIhyE7MfqnLnTcew==?alt=proto
[PROXY] Request to: https://optimizationguide-pa.googleapis.com
[PROXY] Request to: https://optimizationguide-pa.googleapis.com/v1:GetModels?key=AIzaSyDr2UxVnv_U85AbhhY8XSHSIavUW0DC-sY
[PROXY] Request to: https://scs.ubbcluj.ro/vvta/net2ftp/index.php
[PROXY] Injected Authorization header
[PROXY] Request to: http://www.net2ftp.com/version.js
]]></system-out>
    <system-err><![CDATA[[main] INFO  - 
        __    _____ _____ ____ _____   ____   _    ____  ____  _____ ____  
  _     \ \  |_   _| ____/ ___|_   _| |  _ \ / \  / ___|/ ___|| ____|  _ \ 
 (_)_____| |   | | |  _| \___ \ | |   | |_) / _ \ \___ \\___ \|  _| | | | |
  _|_____| |   | | | |___ ___) || |   |  __/ ___ \ ___) |___) | |___| |_| |
 (_)     | |   |_| |_____|____/ |_|   |_| /_/   \_\____/|____/|_____|____/ 
        /_/                                                                

Scenariu: login valid, creare folder, stergere folder, logout
----------------------------------------------------------------------------
[main] INFO  - 
 _____ _____ ____ _____   ____ _____  _    ____ _____ _____ ____  
|_   _| ____/ ___|_   _| / ___|_   _|/ \  |  _ \_   _| ____|  _ \ 
  | | |  _| \___ \ | |   \___ \ | | / _ \ | |_) || | |  _| | | | |
  | | | |___ ___) || |    ___) || |/ ___ \|  _ < | | | |___| |_| |
  |_| |_____|____/ |_|   |____/ |_/_/   \_\_| \_\|_| |_____|____/ 

scenario_login_and_logout
-------------------------------------------------------------------
[main] INFO net.serenitybdd.core.webdriver.driverproviders.ChromeDriverProvider - Not using automatically driver download
[main] INFO net.serenitybdd.core.webdriver.driverproviders.ProvideNewDriver - Instantiating driver
[main] INFO net.serenitybdd.core.webdriver.driverproviders.ProvideNewDriver - Driver capabilities: Capabilities {acceptInsecureCerts: false, browserName: chrome, chrome.switches: --ignore-certificate-errors..., goog:chromeOptions: {args: [--ignore-certificate-errors, --allow-running-insecure-co..., --proxy-server=localhost:19091], extensions: []}, loggingPrefs: org.openqa.selenium.logging...}
Starting ChromeDriver 148.0.7778.96 (8625e066febc721e015ea99842da12901eb7ed73-refs/branch-heads/7778@{#1904}) on port 5535
Only local connections are allowed.
Please see https://chromedriver.chromium.org/security-considerations for suggestions on keeping ChromeDriver safe.
ChromeDriver was started successfully on port 5535.
May 11, 2026 1:24:55 PM org.openqa.selenium.remote.ProtocolHandshake createSession
INFO: Detected dialect: W3C
[LittleProxy-0-ClientToProxyWorker-2] INFO org.littleshoot.proxy.impl.ClientToProxyConnection - (NEGOTIATING_CONNECT) [id: 0xe7b29c58, L:/[0:0:0:0:0:0:0:1]:19091 - R:/[0:0:0:0:0:0:0:1]:59812]: An IOException occurred on ClientToProxyConnection: Connection reset
[LittleProxy-0-ProxyToServerWorker-2] INFO org.littleshoot.proxy.impl.ProxyToServerConnection - (HANDSHAKING) [id: 0x4cc081cc, L:/192.168.1.185:59815 ! R:www.google.com/142.251.155.119:443]: Connection to upstream server failed
java.nio.channels.ClosedChannelException
	at io.netty.handler.ssl.SslHandler.channelInactive(...)(Unknown Source)
[LittleProxy-0-ClientToProxyWorker-1] INFO org.littleshoot.proxy.impl.ClientToProxyConnection - (NEGOTIATING_CONNECT) [id: 0x5fb546ca, L:/[0:0:0:0:0:0:0:1]:19091 - R:/[0:0:0:0:0:0:0:1]:59811]: An IOException occurred on ClientToProxyConnection: Connection reset
[LittleProxy-0-ProxyToServerWorker-1] INFO org.littleshoot.proxy.impl.ProxyToServerConnection - (HANDSHAKING) [id: 0xa3970d77, L:/192.168.1.185:59816 ! R:accounts.google.com/142.251.127.84:443]: Connection to upstream server failed
java.nio.channels.ClosedChannelException
	at io.netty.handler.ssl.SslHandler.channelInactive(...)(Unknown Source)
]]></system-err>
  </testcase>
</testsuite>